<?xml version="1.0" encoding="UTF-8"?>
<!-- Generated by org.testng.reporters.JUnitReportReporter -->
<testsuite hostname="HP" name="com.actitime.Test1" tests="1" failures="0" timestamp="24 Feb 2020 05:55:41 GMT" time="33.501" errors="0">
  <testcase name="test" time="33.501" classname="com.actitime.Test1"/>
</testsuite> <!-- com.actitime.Test1 -->
